Using pre-set license
Built from '2020.3/staging' branch; Version is '2020.3.11f1 (99c7afb366b3) revision 10078127'; Using compiler version '192528614'; Build Type 'Release'
OS: 'Windows 10 Pro; OS build 19041.1052; Version 2004; 64bit' Language: 'ru' Physical Memory: 16239 MB
BatchMode: 1, IsHumanControllingUs: 0, StartBugReporterOnCrash: 0, Is64bit: 1, IsPro: 0

 COMMAND LINE ARGUMENTS:
C:\Program Files\UnityEditor-IH\2020.3.11f1\Editor\Unity.exe
-adb2
-batchMode
-noUpm
-name
AssetImportWorker0
-projectPath
D:/Unity_projects/City Building Strategy
-logFile
Logs/AssetImportWorker0.log
-srvPort
50235
Successfully changed project path to: D:/Unity_projects/City Building Strategy
D:/Unity_projects/City Building Strategy
Using Asset Import Pipeline V2.
Refreshing native plugins compatible for Editor in 40.84 ms, found 2 plugins.
Preloading 0 native plugins for Editor in 0.00 ms.
Initialize engine version: 2020.3.11f1 (99c7afb366b3)
[Subsystems] Discovering subsystems at path C:/Program Files/UnityEditor-IH/2020.3.11f1/Editor/Data/Resources/UnitySubsystems
[Subsystems] Discovering subsystems at path D:/Unity_projects/City Building Strategy/Assets
GfxDevice: creating device client; threaded=0
Direct3D:
    Version:  Direct3D 11.0 [level 11.1]
    Renderer: NVIDIA GeForce GTX 1060 6GB (ID=0x1c03)
    Vendor:   
    VRAM:     6052 MB
    Driver:   27.21.14.6627
Initialize mono
Mono path[0] = 'C:/Program Files/UnityEditor-IH/2020.3.11f1/Editor/Data/Managed'
Mono path[1] = 'C:/Program Files/UnityEditor-IH/2020.3.11f1/Editor/Data/MonoBleedingEdge/lib/mono/unityjit'
Mono config path = 'C:/Program Files/UnityEditor-IH/2020.3.11f1/Editor/Data/MonoBleedingEdge/etc'
Using monoOptions --debugger-agent=transport=dt_socket,embedding=1,server=y,suspend=n,address=127.0.0.1:56076
Begin MonoManager ReloadAssembly
Registering precompiled unity dll's ...
Register platform support module: C:/Program Files/UnityEditor-IH/2020.3.11f1/Editor/Data/PlaybackEngines/WindowsStandaloneSupport/UnityEditor.WindowsStandalone.Extensions.dll
Registered in 0.002187 seconds.
Native extension for WindowsStandalone target not found
Refreshing native plugins compatible for Editor in 32.99 ms, found 2 plugins.
Preloading 0 native plugins for Editor in 0.00 ms.
Mono: successfully reloaded assembly
- Completed reload, in  1.715 seconds
Platform modules already initialized, skipping
Registering precompiled user dll's ...
Registered in 0.007013 seconds.
Begin MonoManager ReloadAssembly
Native extension for WindowsStandalone target not found
Refreshing native plugins compatible for Editor in 0.29 ms, found 2 plugins.
Preloading 0 native plugins for Editor in 0.00 ms.
Mono: successfully reloaded assembly
- Completed reload, in  1.265 seconds
Platform modules already initialized, skipping
========================================================================
Worker process is ready to serve import requests
Launched and connected shader compiler UnityShaderCompiler.exe after 0.05 seconds
Refreshing native plugins compatible for Editor in 0.39 ms, found 2 plugins.
Preloading 0 native plugins for Editor in 0.00 ms.
Unloading 1392 Unused Serialized files (Serialized files now loaded: 0)
System memory in use before: 64.8 MB.
System memory in use after: 64.9 MB.

Unloading 19 unused Assets to reduce memory usage. Loaded Objects now: 1825.
Total: 2.663500 ms (FindLiveObjects: 0.212200 ms CreateObjectMapping: 0.077300 ms MarkObjects: 2.288400 ms  DeleteObjects: 0.082700 ms)

========================================================================
Received Import Request.
  path: Assets/Scripts/BuildingPreset.cs
  artifactKey: Guid(4780090004153c84f933739cf2dc1958) Importer(815301076,1909f56bfc062723c751e8b465ee728b)
Start importing Assets/Scripts/BuildingPreset.cs using Guid(4780090004153c84f933739cf2dc1958) Importer(815301076,1909f56bfc062723c751e8b465ee728b)  -> (artifact id: 'b2aefee1ca402f5671f989dd3f287e7d') in 0.052836 seconds
  Import took 0.055935 seconds .

========================================================================
Received Import Request.
  Time since last request: 12.947903 seconds.
  path: Assets/Building Presets/House.asset
  artifactKey: Guid(6a9439f642656e64489797c7968dbc3a) Importer(815301076,1909f56bfc062723c751e8b465ee728b)
Start importing Assets/Building Presets/House.asset using Guid(6a9439f642656e64489797c7968dbc3a) Importer(815301076,1909f56bfc062723c751e8b465ee728b)  -> (artifact id: '2ca11f4517a21666e9e49f88a7079e80') in 0.032183 seconds
  Import took 0.036218 seconds .

========================================================================
Received Prepare
Registering precompiled user dll's ...
Registered in 0.011626 seconds.
Begin MonoManager ReloadAssembly
Native extension for WindowsStandalone target not found
Refreshing native plugins compatible for Editor in 0.33 ms, found 2 plugins.
Preloading 0 native plugins for Editor in 0.00 ms.
Mono: successfully reloaded assembly
- Completed reload, in  1.373 seconds
Platform modules already initialized, skipping
Refreshing native plugins compatible for Editor in 0.34 ms, found 2 plugins.
Preloading 0 native plugins for Editor in 0.00 ms.
Unloading 1387 Unused Serialized files (Serialized files now loaded: 0)
System memory in use before: 64.8 MB.
System memory in use after: 64.9 MB.

Unloading 14 unused Assets to reduce memory usage. Loaded Objects now: 1828.
Total: 1.816600 ms (FindLiveObjects: 0.152500 ms CreateObjectMapping: 0.045300 ms MarkObjects: 1.564200 ms  DeleteObjects: 0.053600 ms)

========================================================================
Received Import Request.
  Time since last request: 321.419460 seconds.
  path: Assets/Scripts/Building.cs
  artifactKey: Guid(0925ab12fe5fc424c9c4ed0ad93f7480) Importer(815301076,1909f56bfc062723c751e8b465ee728b)
Start importing Assets/Scripts/Building.cs using Guid(0925ab12fe5fc424c9c4ed0ad93f7480) Importer(815301076,1909f56bfc062723c751e8b465ee728b)  -> (artifact id: '5830bbff8cdf018ce257fd43d7e7b853') in 0.007526 seconds
  Import took 0.010305 seconds .

========================================================================
Received Import Request.
  Time since last request: 70.287598 seconds.
  path: Assets/Prefabs/Building_House.prefab
  artifactKey: Guid(4892596743ab9984ab6a64818371bb44) Importer(815301076,1909f56bfc062723c751e8b465ee728b)
Start importing Assets/Prefabs/Building_House.prefab using Guid(4892596743ab9984ab6a64818371bb44) Importer(815301076,1909f56bfc062723c751e8b465ee728b)  -> (artifact id: 'cc63e47a22b3068932a4441f7dd1e987') in 0.102603 seconds
  Import took 0.105323 seconds .

========================================================================
Received Import Request.
  Time since last request: 60.958823 seconds.
  path: Assets/Building Presets/Factory.asset
  artifactKey: Guid(b584dc0fcf4f3ef49bcf5f66ed2a610f) Importer(815301076,1909f56bfc062723c751e8b465ee728b)
Start importing Assets/Building Presets/Factory.asset using Guid(b584dc0fcf4f3ef49bcf5f66ed2a610f) Importer(815301076,1909f56bfc062723c751e8b465ee728b)  -> (artifact id: '24fe0e2c8d7c4e863ec298b294ffb9cd') in 0.011042 seconds
  Import took 0.014253 seconds .

========================================================================
Received Import Request.
  Time since last request: 9.381220 seconds.
  path: Assets/Building Presets/Farm.asset
  artifactKey: Guid(3558d9c9c5ef7e746b0296776318fa6d) Importer(815301076,1909f56bfc062723c751e8b465ee728b)
Start importing Assets/Building Presets/Farm.asset using Guid(3558d9c9c5ef7e746b0296776318fa6d) Importer(815301076,1909f56bfc062723c751e8b465ee728b)  -> (artifact id: '0a82730272641c567cb29be3c30d2dff') in 0.013237 seconds
  Import took 0.016310 seconds .

========================================================================
Received Import Request.
  Time since last request: 118.978080 seconds.
  path: Assets/Prefabs/Building_Factory.prefab
  artifactKey: Guid(20b5d52806571d740a61aa4ff7fc2ac2) Importer(815301076,1909f56bfc062723c751e8b465ee728b)
Start importing Assets/Prefabs/Building_Factory.prefab using Guid(20b5d52806571d740a61aa4ff7fc2ac2) Importer(815301076,1909f56bfc062723c751e8b465ee728b)  -> (artifact id: '13bcfa620c3f38c0b41c83b6b753e962') in 0.160139 seconds
  Import took 0.167013 seconds .

========================================================================
Received Import Request.
  Time since last request: 57.915262 seconds.
  path: Assets/Building Presets/Building_Farm.prefab
  artifactKey: Guid(a5d5779df0ca2ba418fcb9a13d97cfe5) Importer(815301076,1909f56bfc062723c751e8b465ee728b)
Start importing Assets/Building Presets/Building_Farm.prefab using Guid(a5d5779df0ca2ba418fcb9a13d97cfe5) Importer(815301076,1909f56bfc062723c751e8b465ee728b)  -> (artifact id: 'f35ecd9f495c8a2f92c0b6732fb92ec6') in 0.032391 seconds
  Import took 0.039101 seconds .

========================================================================
Received Import Request.
  Time since last request: 0.003519 seconds.
  path: Assets/Building Presets/Building_Farm.prefab
  artifactKey: Guid(a5d5779df0ca2ba418fcb9a13d97cfe5) Importer(815301076,1909f56bfc062723c751e8b465ee728b)
Start importing Assets/Building Presets/Building_Farm.prefab using Guid(a5d5779df0ca2ba418fcb9a13d97cfe5) Importer(815301076,1909f56bfc062723c751e8b465ee728b)  -> (artifact id: 'f35ecd9f495c8a2f92c0b6732fb92ec6') in 0.017593 seconds
  Import took 0.021391 seconds .

========================================================================
Received Import Request.
  Time since last request: 116.290454 seconds.
  path: Assets/Building Presets/Road.asset
  artifactKey: Guid(72ef4aa65b70c8143a4bfa5d0dae6aab) Importer(815301076,1909f56bfc062723c751e8b465ee728b)
Start importing Assets/Building Presets/Road.asset using Guid(72ef4aa65b70c8143a4bfa5d0dae6aab) Importer(815301076,1909f56bfc062723c751e8b465ee728b)  -> (artifact id: '880b995db6bdf9ffc1dbdf931633b59b') in 0.005557 seconds
  Import took 0.011042 seconds .

========================================================================
Received Import Request.
  Time since last request: 144.805064 seconds.
  path: Assets/Textrures/Materials
  artifactKey: Guid(66db14877f9f621499c3c8769187a98e) Importer(815301076,1909f56bfc062723c751e8b465ee728b)
Start importing Assets/Textrures/Materials using Guid(66db14877f9f621499c3c8769187a98e) Importer(815301076,1909f56bfc062723c751e8b465ee728b)  -> (artifact id: '386354d4da3c3e2b6ce027b74236cb55') in 0.006083 seconds
  Import took 0.009647 seconds .

========================================================================
Received Import Request.
  Time since last request: 37.227465 seconds.
  path: Assets/Prefabs/Building_Road.prefab
  artifactKey: Guid(388fc0e6483b55b4fbe9871f21f0531b) Importer(815301076,1909f56bfc062723c751e8b465ee728b)
Start importing Assets/Prefabs/Building_Road.prefab using Guid(388fc0e6483b55b4fbe9871f21f0531b) Importer(815301076,1909f56bfc062723c751e8b465ee728b)  -> (artifact id: '3bc67d8fc261fc5cbbbf734fdca55fec') in 0.030078 seconds
  Import took 0.036198 seconds .

========================================================================
Received Import Request.
  Time since last request: 0.004697 seconds.
  path: Assets/Prefabs/Building_Road.prefab
  artifactKey: Guid(388fc0e6483b55b4fbe9871f21f0531b) Importer(815301076,1909f56bfc062723c751e8b465ee728b)
Start importing Assets/Prefabs/Building_Road.prefab using Guid(388fc0e6483b55b4fbe9871f21f0531b) Importer(815301076,1909f56bfc062723c751e8b465ee728b)  -> (artifact id: '3bc67d8fc261fc5cbbbf734fdca55fec') in 0.019045 seconds
  Import took 0.022265 seconds .

========================================================================
Received Prepare
Registering precompiled user dll's ...
Registered in 0.015375 seconds.
Begin MonoManager ReloadAssembly
Native extension for WindowsStandalone target not found
Refreshing native plugins compatible for Editor in 0.48 ms, found 2 plugins.
Preloading 0 native plugins for Editor in 0.00 ms.
Mono: successfully reloaded assembly
- Completed reload, in  1.606 seconds
Platform modules already initialized, skipping
Refreshing native plugins compatible for Editor in 0.53 ms, found 2 plugins.
Preloading 0 native plugins for Editor in 0.00 ms.
Unloading 1400 Unused Serialized files (Serialized files now loaded: 0)
System memory in use before: 69.9 MB.
System memory in use after: 69.4 MB.

Unloading 27 unused Assets to reduce memory usage. Loaded Objects now: 1839.
Total: 3.490800 ms (FindLiveObjects: 0.256700 ms CreateObjectMapping: 0.136600 ms MarkObjects: 2.561200 ms  DeleteObjects: 0.533800 ms)

========================================================================
Received Prepare
Registering precompiled user dll's ...
Registered in 0.008774 seconds.
Begin MonoManager ReloadAssembly
Native extension for WindowsStandalone target not found
Refreshing native plugins compatible for Editor in 0.32 ms, found 2 plugins.
Preloading 0 native plugins for Editor in 0.00 ms.
Mono: successfully reloaded assembly
- Completed reload, in  1.054 seconds
Platform modules already initialized, skipping
Refreshing native plugins compatible for Editor in 0.28 ms, found 2 plugins.
Preloading 0 native plugins for Editor in 0.00 ms.
Unloading 1400 Unused Serialized files (Serialized files now loaded: 0)
System memory in use before: 70.0 MB.
System memory in use after: 69.4 MB.

Unloading 27 unused Assets to reduce memory usage. Loaded Objects now: 1842.
Total: 2.241900 ms (FindLiveObjects: 0.139700 ms CreateObjectMapping: 0.043800 ms MarkObjects: 1.718400 ms  DeleteObjects: 0.338800 ms)

========================================================================
Received Import Request.
  Time since last request: 2088.874986 seconds.
  path: Assets/Scripts/Selector.cs
  artifactKey: Guid(70e00775f58a3fc468000b6e1d78ea80) Importer(815301076,1909f56bfc062723c751e8b465ee728b)
Start importing Assets/Scripts/Selector.cs using Guid(70e00775f58a3fc468000b6e1d78ea80) Importer(815301076,1909f56bfc062723c751e8b465ee728b)  -> (artifact id: '3df1ea11f013be9896592fecd9359641') in 0.006062 seconds
  Import took 0.008989 seconds .

========================================================================
Received Prepare
Registering precompiled user dll's ...
Registered in 0.010021 seconds.
Begin MonoManager ReloadAssembly
Native extension for WindowsStandalone target not found
Refreshing native plugins compatible for Editor in 0.50 ms, found 2 plugins.
Preloading 0 native plugins for Editor in 0.00 ms.
Mono: successfully reloaded assembly
- Completed reload, in  1.217 seconds
Platform modules already initialized, skipping
Refreshing native plugins compatible for Editor in 0.29 ms, found 2 plugins.
Preloading 0 native plugins for Editor in 0.00 ms.
Unloading 1400 Unused Serialized files (Serialized files now loaded: 0)
System memory in use before: 70.0 MB.
System memory in use after: 69.4 MB.

Unloading 27 unused Assets to reduce memory usage. Loaded Objects now: 1845.
Total: 2.635800 ms (FindLiveObjects: 0.141100 ms CreateObjectMapping: 0.044300 ms MarkObjects: 2.084500 ms  DeleteObjects: 0.364800 ms)

========================================================================
Received Prepare
Registering precompiled user dll's ...
Registered in 0.008831 seconds.
Begin MonoManager ReloadAssembly
Native extension for WindowsStandalone target not found
Refreshing native plugins compatible for Editor in 0.48 ms, found 2 plugins.
Preloading 0 native plugins for Editor in 0.00 ms.
Mono: successfully reloaded assembly
- Completed reload, in  1.222 seconds
Platform modules already initialized, skipping
Refreshing native plugins compatible for Editor in 0.28 ms, found 2 plugins.
Preloading 0 native plugins for Editor in 0.00 ms.
Unloading 1400 Unused Serialized files (Serialized files now loaded: 0)
System memory in use before: 70.0 MB.
System memory in use after: 69.4 MB.

Unloading 27 unused Assets to reduce memory usage. Loaded Objects now: 1848.
Total: 3.136800 ms (FindLiveObjects: 0.143800 ms CreateObjectMapping: 0.047800 ms MarkObjects: 2.421800 ms  DeleteObjects: 0.521600 ms)

========================================================================
Received Import Request.
  Time since last request: 3042.004786 seconds.
  path: Assets/Scripts/BuildingPlacement.cs
  artifactKey: Guid(5994896f4f12959478ab32f8c51adadf) Importer(815301076,1909f56bfc062723c751e8b465ee728b)
Start importing Assets/Scripts/BuildingPlacement.cs using Guid(5994896f4f12959478ab32f8c51adadf) Importer(815301076,1909f56bfc062723c751e8b465ee728b)  -> (artifact id: 'dea2ec1d2de947bcbe4a1a99d2684962') in 0.005275 seconds
  Import took 0.008954 seconds .

========================================================================
Received Prepare
Registering precompiled user dll's ...
Registered in 0.032141 seconds.
Begin MonoManager ReloadAssembly
Native extension for WindowsStandalone target not found
Refreshing native plugins compatible for Editor in 0.65 ms, found 2 plugins.
Preloading 0 native plugins for Editor in 0.00 ms.
Mono: successfully reloaded assembly
- Completed reload, in  3.254 seconds
Platform modules already initialized, skipping
Refreshing native plugins compatible for Editor in 0.84 ms, found 2 plugins.
Preloading 0 native plugins for Editor in 0.00 ms.
Unloading 1400 Unused Serialized files (Serialized files now loaded: 0)
System memory in use before: 70.0 MB.
System memory in use after: 69.4 MB.

Unloading 27 unused Assets to reduce memory usage. Loaded Objects now: 1851.
Total: 4.932700 ms (FindLiveObjects: 0.718000 ms CreateObjectMapping: 0.227900 ms MarkObjects: 3.173100 ms  DeleteObjects: 0.811600 ms)

========================================================================
Received Prepare
Registering precompiled user dll's ...
Registered in 0.009047 seconds.
Begin MonoManager ReloadAssembly
Native extension for WindowsStandalone target not found
Refreshing native plugins compatible for Editor in 0.50 ms, found 2 plugins.
Preloading 0 native plugins for Editor in 0.00 ms.
Mono: successfully reloaded assembly
- Completed reload, in  1.530 seconds
Platform modules already initialized, skipping
Refreshing native plugins compatible for Editor in 0.45 ms, found 2 plugins.
Preloading 0 native plugins for Editor in 0.00 ms.
Unloading 1400 Unused Serialized files (Serialized files now loaded: 0)
System memory in use before: 70.0 MB.
System memory in use after: 69.5 MB.

Unloading 27 unused Assets to reduce memory usage. Loaded Objects now: 1854.
Total: 4.985700 ms (FindLiveObjects: 0.247600 ms CreateObjectMapping: 0.084500 ms MarkObjects: 4.184900 ms  DeleteObjects: 0.467000 ms)

========================================================================
Received Prepare
Registering precompiled user dll's ...
Registered in 0.015043 seconds.
Begin MonoManager ReloadAssembly
Native extension for WindowsStandalone target not found
Refreshing native plugins compatible for Editor in 0.55 ms, found 2 plugins.
Preloading 0 native plugins for Editor in 0.00 ms.
Mono: successfully reloaded assembly
- Completed reload, in  1.506 seconds
Platform modules already initialized, skipping
Refreshing native plugins compatible for Editor in 0.54 ms, found 2 plugins.
Preloading 0 native plugins for Editor in 0.00 ms.
Unloading 1400 Unused Serialized files (Serialized files now loaded: 0)
System memory in use before: 70.0 MB.
System memory in use after: 69.5 MB.

Unloading 27 unused Assets to reduce memory usage. Loaded Objects now: 1857.
Total: 3.425900 ms (FindLiveObjects: 0.224000 ms CreateObjectMapping: 0.085100 ms MarkObjects: 2.669300 ms  DeleteObjects: 0.446000 ms)

========================================================================
Received Prepare
Registering precompiled user dll's ...
Registered in 0.008112 seconds.
Begin MonoManager ReloadAssembly
Native extension for WindowsStandalone target not found
Refreshing native plugins compatible for Editor in 0.53 ms, found 2 plugins.
Preloading 0 native plugins for Editor in 0.00 ms.
Mono: successfully reloaded assembly
- Completed reload, in  1.559 seconds
Platform modules already initialized, skipping
Refreshing native plugins compatible for Editor in 0.46 ms, found 2 plugins.
Preloading 0 native plugins for Editor in 0.00 ms.
Unloading 1400 Unused Serialized files (Serialized files now loaded: 0)
System memory in use before: 70.0 MB.
System memory in use after: 69.5 MB.

Unloading 27 unused Assets to reduce memory usage. Loaded Objects now: 1860.
Total: 3.517700 ms (FindLiveObjects: 0.239200 ms CreateObjectMapping: 0.224900 ms MarkObjects: 2.577400 ms  DeleteObjects: 0.473900 ms)

========================================================================
Received Prepare
Registering precompiled user dll's ...
Registered in 0.007002 seconds.
Begin MonoManager ReloadAssembly
Native extension for WindowsStandalone target not found
Refreshing native plugins compatible for Editor in 0.30 ms, found 2 plugins.
Preloading 0 native plugins for Editor in 0.00 ms.
Mono: successfully reloaded assembly
- Completed reload, in  1.411 seconds
Platform modules already initialized, skipping
Refreshing native plugins compatible for Editor in 13.17 ms, found 2 plugins.
Preloading 0 native plugins for Editor in 0.00 ms.
Unloading 1400 Unused Serialized files (Serialized files now loaded: 0)
System memory in use before: 70.0 MB.
System memory in use after: 69.5 MB.

Unloading 27 unused Assets to reduce memory usage. Loaded Objects now: 1863.
Total: 3.053600 ms (FindLiveObjects: 0.257100 ms CreateObjectMapping: 0.093100 ms MarkObjects: 2.248500 ms  DeleteObjects: 0.453600 ms)

========================================================================
Received Prepare
Registering precompiled user dll's ...
Registered in 0.011227 seconds.
Begin MonoManager ReloadAssembly
Native extension for WindowsStandalone target not found
Refreshing native plugins compatible for Editor in 0.61 ms, found 2 plugins.
Preloading 0 native plugins for Editor in 0.00 ms.
Mono: successfully reloaded assembly
- Completed reload, in  1.650 seconds
Platform modules already initialized, skipping
Refreshing native plugins compatible for Editor in 1.20 ms, found 2 plugins.
Preloading 0 native plugins for Editor in 0.00 ms.
Unloading 1400 Unused Serialized files (Serialized files now loaded: 0)
System memory in use before: 70.0 MB.
System memory in use after: 69.5 MB.

Unloading 27 unused Assets to reduce memory usage. Loaded Objects now: 1866.
Total: 2.749200 ms (FindLiveObjects: 0.236200 ms CreateObjectMapping: 0.087500 ms MarkObjects: 2.074800 ms  DeleteObjects: 0.349000 ms)

========================================================================
Received Prepare
Registering precompiled user dll's ...
Registered in 0.011749 seconds.
Begin MonoManager ReloadAssembly
Native extension for WindowsStandalone target not found
Refreshing native plugins compatible for Editor in 0.29 ms, found 2 plugins.
Preloading 0 native plugins for Editor in 0.00 ms.
Mono: successfully reloaded assembly
- Completed reload, in  1.164 seconds
Platform modules already initialized, skipping
Refreshing native plugins compatible for Editor in 0.29 ms, found 2 plugins.
Preloading 0 native plugins for Editor in 0.00 ms.
Unloading 1400 Unused Serialized files (Serialized files now loaded: 0)
System memory in use before: 70.1 MB.
System memory in use after: 69.5 MB.

Unloading 27 unused Assets to reduce memory usage. Loaded Objects now: 1869.
Total: 2.135300 ms (FindLiveObjects: 0.154200 ms CreateObjectMapping: 0.040900 ms MarkObjects: 1.608100 ms  DeleteObjects: 0.331100 ms)

========================================================================
Received Import Request.
  Time since last request: 2004.819604 seconds.
  path: Assets/Scripts/City.cs
  artifactKey: Guid(5f949d09a82c2644cb2073d5d9633ae0) Importer(815301076,1909f56bfc062723c751e8b465ee728b)
Start importing Assets/Scripts/City.cs using Guid(5f949d09a82c2644cb2073d5d9633ae0) Importer(815301076,1909f56bfc062723c751e8b465ee728b)  -> (artifact id: '62666bbae1ea7f1901f71b7bb637f4e3') in 0.005655 seconds
  Import took 0.008278 seconds .

========================================================================
Received Prepare
Registering precompiled user dll's ...
Registered in 0.018399 seconds.
Begin MonoManager ReloadAssembly
Native extension for WindowsStandalone target not found
Refreshing native plugins compatible for Editor in 0.46 ms, found 2 plugins.
Preloading 0 native plugins for Editor in 0.00 ms.
Mono: successfully reloaded assembly
- Completed reload, in  2.675 seconds
Platform modules already initialized, skipping
Refreshing native plugins compatible for Editor in 0.60 ms, found 2 plugins.
Preloading 0 native plugins for Editor in 0.00 ms.
Unloading 1400 Unused Serialized files (Serialized files now loaded: 0)
System memory in use before: 70.1 MB.
System memory in use after: 69.5 MB.

Unloading 27 unused Assets to reduce memory usage. Loaded Objects now: 1872.
Total: 4.750600 ms (FindLiveObjects: 0.449600 ms CreateObjectMapping: 0.113700 ms MarkObjects: 3.076000 ms  DeleteObjects: 1.109600 ms)

========================================================================
Received Import Request.
  Time since last request: 368.371760 seconds.
  path: Assets/Building Presets/House.asset
  artifactKey: Guid(6a9439f642656e64489797c7968dbc3a) Importer(815301076,1909f56bfc062723c751e8b465ee728b)
Start importing Assets/Building Presets/House.asset using Guid(6a9439f642656e64489797c7968dbc3a) Importer(815301076,1909f56bfc062723c751e8b465ee728b)  -> (artifact id: 'c3e88de8659bef44e39bde34abe4711e') in 0.033843 seconds
  Import took 0.037675 seconds .

========================================================================
Received Import Request.
  Time since last request: 0.000708 seconds.
  path: Assets/Building Presets/House.asset
  artifactKey: Guid(6a9439f642656e64489797c7968dbc3a) Importer(815301076,1909f56bfc062723c751e8b465ee728b)
Start importing Assets/Building Presets/House.asset using Guid(6a9439f642656e64489797c7968dbc3a) Importer(815301076,1909f56bfc062723c751e8b465ee728b)  -> (artifact id: 'c3e88de8659bef44e39bde34abe4711e') in 0.009786 seconds
  Import took 0.015437 seconds .

========================================================================
Received Prepare
Registering precompiled user dll's ...
Registered in 0.006314 seconds.
Begin MonoManager ReloadAssembly
Native extension for WindowsStandalone target not found
Refreshing native plugins compatible for Editor in 0.29 ms, found 2 plugins.
Preloading 0 native plugins for Editor in 0.00 ms.
Mono: successfully reloaded assembly
- Completed reload, in  1.237 seconds
Platform modules already initialized, skipping
Refreshing native plugins compatible for Editor in 0.29 ms, found 2 plugins.
Preloading 0 native plugins for Editor in 0.00 ms.
Unloading 1400 Unused Serialized files (Serialized files now loaded: 0)
System memory in use before: 70.1 MB.
System memory in use after: 69.5 MB.

Unloading 27 unused Assets to reduce memory usage. Loaded Objects now: 1875.
Total: 2.213600 ms (FindLiveObjects: 0.154200 ms CreateObjectMapping: 0.038800 ms MarkObjects: 1.692000 ms  DeleteObjects: 0.327500 ms)

========================================================================
Received Prepare
Registering precompiled user dll's ...
Registered in 0.009109 seconds.
Begin MonoManager ReloadAssembly
Native extension for WindowsStandalone target not found
Refreshing native plugins compatible for Editor in 0.37 ms, found 2 plugins.
Preloading 0 native plugins for Editor in 0.00 ms.
Mono: successfully reloaded assembly
- Completed reload, in  1.313 seconds
Platform modules already initialized, skipping
Refreshing native plugins compatible for Editor in 0.46 ms, found 2 plugins.
Preloading 0 native plugins for Editor in 0.00 ms.
Unloading 1400 Unused Serialized files (Serialized files now loaded: 0)
System memory in use before: 70.1 MB.
System memory in use after: 69.5 MB.

Unloading 27 unused Assets to reduce memory usage. Loaded Objects now: 1878.
Total: 3.230100 ms (FindLiveObjects: 0.230800 ms CreateObjectMapping: 0.087800 ms MarkObjects: 2.439500 ms  DeleteObjects: 0.470400 ms)

========================================================================
Received Prepare
Registering precompiled user dll's ...
Registered in 0.008955 seconds.
Begin MonoManager ReloadAssembly
Native extension for WindowsStandalone target not found
Refreshing native plugins compatible for Editor in 0.31 ms, found 2 plugins.
Preloading 0 native plugins for Editor in 0.00 ms.
Mono: successfully reloaded assembly
- Completed reload, in  1.394 seconds
Platform modules already initialized, skipping
Refreshing native plugins compatible for Editor in 0.45 ms, found 2 plugins.
Preloading 0 native plugins for Editor in 0.00 ms.
Unloading 1400 Unused Serialized files (Serialized files now loaded: 0)
System memory in use before: 70.1 MB.
System memory in use after: 69.5 MB.

Unloading 27 unused Assets to reduce memory usage. Loaded Objects now: 1881.
Total: 2.555100 ms (FindLiveObjects: 0.178500 ms CreateObjectMapping: 0.057500 ms MarkObjects: 1.884300 ms  DeleteObjects: 0.433600 ms)

========================================================================
Received Import Request.
  Time since last request: 1412.888698 seconds.
  path: Assets/Building Presets/Factory.asset
  artifactKey: Guid(b584dc0fcf4f3ef49bcf5f66ed2a610f) Importer(815301076,1909f56bfc062723c751e8b465ee728b)
Start importing Assets/Building Presets/Factory.asset using Guid(b584dc0fcf4f3ef49bcf5f66ed2a610f) Importer(815301076,1909f56bfc062723c751e8b465ee728b)  -> (artifact id: '139d555cb4c8bb38b85ba13abce8824e') in 0.018341 seconds
  Import took 0.021280 seconds .

========================================================================
Received Import Request.
  Time since last request: 17.197303 seconds.
  path: Assets/Building Presets/Farm.asset
  artifactKey: Guid(3558d9c9c5ef7e746b0296776318fa6d) Importer(815301076,1909f56bfc062723c751e8b465ee728b)
Start importing Assets/Building Presets/Farm.asset using Guid(3558d9c9c5ef7e746b0296776318fa6d) Importer(815301076,1909f56bfc062723c751e8b465ee728b)  -> (artifact id: '40ccdb12475d6b54856dca6275547115') in 0.013245 seconds
  Import took 0.018125 seconds .

========================================================================
Received Import Request.
  Time since last request: 1.816825 seconds.
  path: Assets/Building Presets/Road.asset
  artifactKey: Guid(72ef4aa65b70c8143a4bfa5d0dae6aab) Importer(815301076,1909f56bfc062723c751e8b465ee728b)
Start importing Assets/Building Presets/Road.asset using Guid(72ef4aa65b70c8143a4bfa5d0dae6aab) Importer(815301076,1909f56bfc062723c751e8b465ee728b)  -> (artifact id: '868e9a4115ccb139eb5465b6bd0ba18f') in 0.009185 seconds
  Import took 0.012058 seconds .

========================================================================
Received Import Request.
  Time since last request: 0.000261 seconds.
  path: Assets/Building Presets/Road.asset
  artifactKey: Guid(72ef4aa65b70c8143a4bfa5d0dae6aab) Importer(815301076,1909f56bfc062723c751e8b465ee728b)
Start importing Assets/Building Presets/Road.asset using Guid(72ef4aa65b70c8143a4bfa5d0dae6aab) Importer(815301076,1909f56bfc062723c751e8b465ee728b)  -> (artifact id: '868e9a4115ccb139eb5465b6bd0ba18f') in 0.006931 seconds
  Import took 0.010492 seconds .

========================================================================
Received Prepare
Registering precompiled user dll's ...
Registered in 0.009254 seconds.
Begin MonoManager ReloadAssembly
Native extension for WindowsStandalone target not found
Refreshing native plugins compatible for Editor in 0.35 ms, found 2 plugins.
Preloading 0 native plugins for Editor in 0.00 ms.
Mono: successfully reloaded assembly
- Completed reload, in  1.524 seconds
Platform modules already initialized, skipping
Refreshing native plugins compatible for Editor in 0.48 ms, found 2 plugins.
Preloading 0 native plugins for Editor in 0.00 ms.
Unloading 1400 Unused Serialized files (Serialized files now loaded: 0)
System memory in use before: 70.1 MB.
System memory in use after: 69.5 MB.

Unloading 27 unused Assets to reduce memory usage. Loaded Objects now: 1884.
Total: 2.525800 ms (FindLiveObjects: 0.149100 ms CreateObjectMapping: 0.048900 ms MarkObjects: 1.912100 ms  DeleteObjects: 0.414600 ms)

========================================================================
Received Prepare
Registering precompiled user dll's ...
Registered in 0.008211 seconds.
Begin MonoManager ReloadAssembly
Native extension for WindowsStandalone target not found
Refreshing native plugins compatible for Editor in 0.36 ms, found 2 plugins.
Preloading 0 native plugins for Editor in 0.00 ms.
Mono: successfully reloaded assembly
- Completed reload, in  1.541 seconds
Platform modules already initialized, skipping
Refreshing native plugins compatible for Editor in 0.60 ms, found 2 plugins.
Preloading 0 native plugins for Editor in 0.00 ms.
Unloading 1400 Unused Serialized files (Serialized files now loaded: 0)
System memory in use before: 70.1 MB.
System memory in use after: 69.5 MB.

Unloading 27 unused Assets to reduce memory usage. Loaded Objects now: 1887.
Total: 3.160100 ms (FindLiveObjects: 0.170600 ms CreateObjectMapping: 0.070500 ms MarkObjects: 2.455700 ms  DeleteObjects: 0.461800 ms)

========================================================================
Received Prepare
Registering precompiled user dll's ...
Registered in 0.010063 seconds.
Begin MonoManager ReloadAssembly
Native extension for WindowsStandalone target not found
Refreshing native plugins compatible for Editor in 0.46 ms, found 2 plugins.
Preloading 0 native plugins for Editor in 0.00 ms.
Mono: successfully reloaded assembly
- Completed reload, in  1.373 seconds
Platform modules already initialized, skipping
Refreshing native plugins compatible for Editor in 1.17 ms, found 2 plugins.
Preloading 0 native plugins for Editor in 0.00 ms.
Unloading 1400 Unused Serialized files (Serialized files now loaded: 0)
System memory in use before: 70.1 MB.
System memory in use after: 69.5 MB.

Unloading 27 unused Assets to reduce memory usage. Loaded Objects now: 1890.
Total: 2.482900 ms (FindLiveObjects: 0.145800 ms CreateObjectMapping: 0.046800 ms MarkObjects: 1.928600 ms  DeleteObjects: 0.360500 ms)

